19:24:27.448 DEBUG AUTOMATION - Inicializando el driver
19:24:31.214 DEBUG AUTOMATION - Maximizando la pantalla
19:24:31.342 DEBUG AUTOMATION - Eliminando las cookies
19:24:35.864 INFO  AUTOMATION - Escribo el username
19:24:36.326 INFO  AUTOMATION - Escibo el password
19:24:36.481 INFO  AUTOMATION - Hago Click en el boton de login
19:24:38.962 INFO  AUTOMATION - Verificnado mensaje de error
19:24:42.455 DEBUG AUTOMATION - Matando al driver
19:24:43.536 DEBUG AUTOMATION - Inicializando el driver
19:24:45.522 DEBUG AUTOMATION - Maximizando la pantalla
19:24:45.692 DEBUG AUTOMATION - Eliminando las cookies
19:24:46.719 INFO  AUTOMATION - Verifico la UI de la pagina de login
19:24:53.239 DEBUG AUTOMATION - Matando al driver
19:24:54.023 DEBUG AUTOMATION - Inicializando el driver
19:24:55.625 DEBUG AUTOMATION - Maximizando la pantalla
19:24:55.735 DEBUG AUTOMATION - Eliminando las cookies
19:25:01.996 INFO  AUTOMATION - Escribo el username
19:25:02.455 INFO  AUTOMATION - Escibo el password
19:25:02.629 INFO  AUTOMATION - Hago Click en el boton de login
19:25:06.317 INFO  AUTOMATION - Verifico la UI de la pagina de login Exitoso
19:25:09.647 DEBUG AUTOMATION - Matando al driver
19:25:10.448 DEBUG AUTOMATION - Inicializando el driver
19:25:12.215 DEBUG AUTOMATION - Maximizando la pantalla
19:25:12.359 DEBUG AUTOMATION - Eliminando las cookies
19:25:16.978 INFO  AUTOMATION - Escribo el FirstName
19:25:17.444 INFO  AUTOMATION - Escribo el LastName
19:25:17.578 INFO  AUTOMATION - Escribo el Email
19:25:17.775 INFO  AUTOMATION - Escribo el Password
19:25:18.062 INFO  AUTOMATION - Escribo el ConfirmPassword
19:25:18.275 INFO  AUTOMATION - Hago Click en el boton de Crea cuenta
19:25:22.191 INFO  AUTOMATION - Verificando mensaje de bienvenida
19:25:25.629 DEBUG AUTOMATION - Matando al driver
19:25:26.265 DEBUG AUTOMATION - Inicializando el driver
19:25:27.906 DEBUG AUTOMATION - Maximizando la pantalla
19:25:28.015 DEBUG AUTOMATION - Eliminando las cookies
19:25:31.826 INFO  AUTOMATION - Hago click en Crear cuenta sin rellenar campos
19:25:32.302 INFO  AUTOMATION - Verifico mensaje de error para los campos requeridos
19:25:35.603 DEBUG AUTOMATION - Matando al driver
